OPERATOR: Datasource => INPUT [None] => RESULT [Images
nrecords: 500
dtype: int16
shape: None (inspect to compute)
dims: (64, 64)]OPERATOR: FeatureExtractor => INPUT [Images
nrecords: 500
dtype: int16
shape: None (inspect to compute)
dims: (64, 64)] => RESULT [Features]OPERATOR: Custering => INPUT [Features] => RESULT [Centers]
2015-12-13 17:00:38,473 INFO Executing: Datasource
2015-12-13 17:00:38,473 INFO Executing: Datasource
END
OPERATOR: Datasource => INPUT [None] => RESULT [<class 'thunder.rdds.images.Images'>]OPERATOR: FeatureExtractor => INPUT [Images
nrecords: 500
dtype: int16
shape: None (inspect to compute)
dims: (64, 64)] => RESULT [<type 'str'>]OPERATOR: Custering => INPUT [Features] => RESULT [<type 'str'>]
END
OPERATOR: Datasource => INPUT [None] => RESULT [<class 'thunder.rdds.images.Images'>]OPERATOR: FeatureExtractor => INPUT [Images
nrecords: 500
dtype: int16
shape: None (inspect to compute)
dims: (64, 64)] => RESULT [<type 'str'>]OPERATOR: Custering => INPUT [Features] => RESULT [<type 'str'>]
END
EXPLAIN OPERATOR: Datasource => INPUT [None] => RESULT [<class 'thunder.rdds.images.Images'>]OPERATOR: FeatureExtractor => INPUT [Images
nrecords: 500
dtype: int16
shape: None (inspect to compute)
dims: (64, 64)] => RESULT [<type 'str'>]OPERATOR: Custering => INPUT [Features] => RESULT [<type 'str'>]
END
